<!DOCTYPE html>

<html>
  <head>
  <meta charset='utf-8'>
  <title>TestNG reports</title>

    <link type="text/css" href="testng-reports.css" rel="stylesheet" />
    <script type="text/javascript" src="jquery-1.7.1.min.js"></script>
    <script type="text/javascript" src="testng-reports.js"></script>
    <script type="text/javascript" src="https://www.google.com/jsapi"></script>
    <script type='text/javascript'>
      google.load('visualization', '1', {packages:['table']});
      google.setOnLoadCallback(drawTable);
      var suiteTableInitFunctions = new Array();
      var suiteTableData = new Array();
    </script>
    <!--
      <script type="text/javascript" src="jquery-ui/js/jquery-ui-1.8.16.custom.min.js"></script>
     -->
  </head>

  <body>
    <div class="top-banner-root">
      <span class="top-banner-title-font">Test results</span>
      <br/>
      <span class="top-banner-font-1">1 suite, 4 failed tests</span>
    </div> <!-- top-banner-root -->
    <div class="navigator-root">
      <div class="navigator-suite-header">
        <span>All suites</span>
        <a href="#" title="Collapse/expand all the suites" class="collapse-all-link">
          <img src="collapseall.gif" class="collapse-all-icon">
          </img> <!-- collapse-all-icon -->
        </a> <!-- collapse-all-link -->
      </div> <!-- navigator-suite-header -->
      <div class="suite">
        <div class="rounded-window">
          <div class="suite-header light-rounded-window-top">
            <a href="#" panel-name="suite-Data_Driven_Sample" class="navigator-link">
              <span class="suite-name border-failed">Data Driven Sample</span>
            </a> <!-- navigator-link -->
          </div> <!-- suite-header light-rounded-window-top -->
          <div class="navigator-suite-content">
            <div class="suite-section-title">
              <span>Info</span>
            </div> <!-- suite-section-title -->
            <div class="suite-section-content">
              <ul>
                <li>
                  <a href="#" panel-name="test-xml-Data_Driven_Sample" class="navigator-link ">
                    <span>C:\Users\Samir Singh\eclipse-workspace\DataDrivenFrameworkMine\src\test\resources\runners\testng.xml</span>
                  </a> <!-- navigator-link  -->
                </li>
                <li>
                  <a href="#" panel-name="testlist-Data_Driven_Sample" class="navigator-link ">
                    <span class="test-stats">3 tests</span>
                  </a> <!-- navigator-link  -->
                </li>
                <li>
                  <a href="#" panel-name="group-Data_Driven_Sample" class="navigator-link ">
                    <span>0 groups</span>
                  </a> <!-- navigator-link  -->
                </li>
                <li>
                  <a href="#" panel-name="times-Data_Driven_Sample" class="navigator-link ">
                    <span>Times</span>
                  </a> <!-- navigator-link  -->
                </li>
                <li>
                  <a href="#" panel-name="reporter-Data_Driven_Sample" class="navigator-link ">
                    <span>Reporter output</span>
                  </a> <!-- navigator-link  -->
                </li>
                <li>
                  <a href="#" panel-name="ignored-methods-Data_Driven_Sample" class="navigator-link ">
                    <span>Ignored methods</span>
                  </a> <!-- navigator-link  -->
                </li>
                <li>
                  <a href="#" panel-name="chronological-Data_Driven_Sample" class="navigator-link ">
                    <span>Chronological view</span>
                  </a> <!-- navigator-link  -->
                </li>
              </ul>
            </div> <!-- suite-section-content -->
            <div class="result-section">
              <div class="suite-section-title">
                <span>Results</span>
              </div> <!-- suite-section-title -->
              <div class="suite-section-content">
                <ul>
                  <li>
                    <span class="method-stats">5 methods, 4 failed,  1 skipped,  </span>
                  </li>
                  <li>
                    <span class="method-list-title failed">Failed methods</span>
                    <span class="show-or-hide-methods failed">
                      <a href="#" panel-name="suite-Data_Driven_Sample" class="hide-methods failed suite-Data_Driven_Sample"> (hide)</a> <!-- hide-methods failed suite-Data_Driven_Sample -->
                      <a href="#" panel-name="suite-Data_Driven_Sample" class="show-methods failed suite-Data_Driven_Sample"> (show)</a> <!-- show-methods failed suite-Data_Driven_Sample -->
                    </span>
                    <div class="method-list-content failed suite-Data_Driven_Sample">
                      <span>
                        <img src="failed.png" width="3%"/>
                        <a href="#" panel-name="suite-Data_Driven_Sample" title="com.sampleProject.testcases.AddCustomerTest" class="method navigator-link" hash-for-method="addCustomerTest({postCode=a4567654, lastName=Singh, firstName=Swati, runmode=Y, alertText=Customer added successfull...)">addCustomerTest({postCode=a4567654, lastName=Singh, firstName=Swati, runmode=Y, alertText=Customer added successfull...)</a> <!-- method navigator-link -->
                      </span>
                      <br/>
                      <span>
                        <img src="failed.png" width="3%"/>
                        <a href="#" panel-name="suite-Data_Driven_Sample" title="com.sampleProject.testcases.AddCustomerTest" class="method navigator-link" hash-for-method="addCustomerTest({postCode=b7645353, lastName=Singh, firstName=Samir, runmode=Y, alertText=Customer added successfull...)">addCustomerTest({postCode=b7645353, lastName=Singh, firstName=Samir, runmode=Y, alertText=Customer added successfull...)</a> <!-- method navigator-link -->
                      </span>
                      <br/>
                      <span>
                        <img src="failed.png" width="3%"/>
                        <a href="#" panel-name="suite-Data_Driven_Sample" title="com.sampleProject.testcases.BankManagerLoginTest" class="method navigator-link" hash-for-method="bankManagerLoginTest">bankManagerLoginTest</a> <!-- method navigator-link -->
                      </span>
                      <br/>
                      <span>
                        <img src="failed.png" width="3%"/>
                        <a href="#" panel-name="suite-Data_Driven_Sample" title="com.sampleProject.testcases.OpenAccountTest" class="method navigator-link" hash-for-method="openAccountTest({Currency=Rupee, customer=Swati Singh})">openAccountTest({Currency=Rupee, customer=Swati Singh})</a> <!-- method navigator-link -->
                      </span>
                      <br/>
                    </div> <!-- method-list-content failed suite-Data_Driven_Sample -->
                  </li>
                  <li>
                    <span class="method-list-title skipped">Skipped methods</span>
                    <span class="show-or-hide-methods skipped">
                      <a href="#" panel-name="suite-Data_Driven_Sample" class="hide-methods skipped suite-Data_Driven_Sample"> (hide)</a> <!-- hide-methods skipped suite-Data_Driven_Sample -->
                      <a href="#" panel-name="suite-Data_Driven_Sample" class="show-methods skipped suite-Data_Driven_Sample"> (show)</a> <!-- show-methods skipped suite-Data_Driven_Sample -->
                    </span>
                    <div class="method-list-content skipped suite-Data_Driven_Sample">
                      <span>
                        <img src="skipped.png" width="3%"/>
                        <a href="#" panel-name="suite-Data_Driven_Sample" title="com.sampleProject.testcases.AddCustomerTest" class="method navigator-link" hash-for-method="addCustomerTest({postCode=c8783653, lastName=Singh, firstName=Yuvaan, runmode=N, alertText=Customer added successful...)">addCustomerTest({postCode=c8783653, lastName=Singh, firstName=Yuvaan, runmode=N, alertText=Customer added successful...)</a> <!-- method navigator-link -->
                      </span>
                      <br/>
                    </div> <!-- method-list-content skipped suite-Data_Driven_Sample -->
                  </li>
                </ul>
              </div> <!-- suite-section-content -->
            </div> <!-- result-section -->
          </div> <!-- navigator-suite-content -->
        </div> <!-- rounded-window -->
      </div> <!-- suite -->
    </div> <!-- navigator-root -->
    <div class="wrapper">
      <div class="main-panel-root">
        <div panel-name="suite-Data_Driven_Sample" class="panel Data_Driven_Sample">
          <div class="suite-Data_Driven_Sample-class-failed">
            <div class="main-panel-header rounded-window-top">
              <img src="failed.png"/>
              <span class="class-name">com.sampleProject.testcases.BankManagerLoginTest</span>
            </div> <!-- main-panel-header rounded-window-top -->
            <div class="main-panel-content rounded-window-bottom">
              <div class="method">
                <div class="method-content">
                  <a name="bankManagerLoginTest">
                  </a> <!-- bankManagerLoginTest -->
                  <span class="method-name">bankManagerLoginTest</span>
                  <div class="stack-trace">org.openqa.selenium.NoSuchElementException: no such element: Unable to locate element: {&quot;method&quot;:&quot;css selector&quot;,&quot;selector&quot;:&quot;div &gt;div:last-child &gt;.btn.btn-primary.btn-lg&quot;}
  (Session info: chrome=84.0.4147.105)
  (Driver info: chromedriver=83.0.4103.39 (ccbf011cb2d2b19b506d844400483861342c20cd-refs/branch-heads/4103@{#416}),platform=Windows NT 10.0.18362 x86_64) (WARNING: The server did not provide any stacktrace information)
Command duration or timeout: 11.78 seconds
For documentation on this error, please visit: http://seleniumhq.org/exceptions/no_such_element.html
Build info: version: &apos;2.53.1&apos;, revision: &apos;a36b8b1cd5757287168e54b817830adce9b0158d&apos;, time: &apos;2016-06-30 19:26:09&apos;
System info: host: &apos;LAPTOP-0Q4RTEV5&apos;, ip: &apos;192.168.29.176&apos;, os.name: &apos;Windows 10&apos;, os.arch: &apos;amd64&apos;, os.version: &apos;10.0&apos;, java.version: &apos;14.0.1&apos;
Driver info: org.openqa.selenium.chrome.ChromeDriver
Capabilities [{mobileEmulationEnabled=false, timeouts={implicit=0, pageLoad=300000, script=30000}, hasTouchScreen=false, platform=XP, acceptSslCerts=false, goog:chromeOptions={debuggerAddress=localhost:51368}, acceptInsecureCerts=false, webStorageEnabled=true, browserName=chrome, takesScreenshot=true, javascriptEnabled=true, setWindowRect=true, unexpectedAlertBehaviour=ignore, applicationCacheEnabled=false, rotatable=false, networkConnectionEnabled=false, chrome={chromedriverVersion=83.0.4103.39 (ccbf011cb2d2b19b506d844400483861342c20cd-refs/branch-heads/4103@{#416}), userDataDir=C:\Users\SAMIRS~1\AppData\Local\Temp\scoped_dir66580_466979225}, takesHeapSnapshot=true, pageLoadStrategy=normal, strictFileInteractability=false, databaseEnabled=false, handlesAlerts=true, version=84.0.4147.105, browserConnectionEnabled=false, proxy={}, nativeEvents=true, locationContextEnabled=true, cssSelectorsEnabled=true, webauthn:virtualAuthenticators=true}]
Session ID: 4f6ec77fb8e8266997d5d60b8bd1772a
*** Element info: {Using=css selector, value=div &gt;div:last-child &gt;.btn.btn-primary.btn-lg}
	at org.openqa.selenium.remote.ErrorHandler.createThrowable(ErrorHandler.java:206)
	at org.openqa.selenium.remote.ErrorHandler.throwIfResponseFailed(ErrorHandler.java:158)
	at org.openqa.selenium.remote.RemoteWebDriver.execute(RemoteWebDriver.java:678)
	at org.openqa.selenium.remote.RemoteWebDriver.findElement(RemoteWebDriver.java:363)
	at org.openqa.selenium.remote.RemoteWebDriver.findElementByCssSelector(RemoteWebDriver.java:492)
	at org.openqa.selenium.By$ByCssSelector.findElement(By.java:430)
	at org.openqa.selenium.remote.RemoteWebDriver.findElement(RemoteWebDriver.java:355)
	at com.sampleProject.base.TestBase.click(TestBase.java:98)
	at com.sampleProject.testcases.BankManagerLoginTest.bankManagerLoginTest(BankManagerLoginTest.java:19)
... Removed 34 stack frames
</div> <!-- stack-trace -->
                </div> <!-- method-content -->
              </div> <!-- method -->
            </div> <!-- main-panel-content rounded-window-bottom -->
          </div> <!-- suite-Data_Driven_Sample-class-failed -->
          <div class="suite-Data_Driven_Sample-class-failed">
            <div class="main-panel-header rounded-window-top">
              <img src="failed.png"/>
              <span class="class-name">com.sampleProject.testcases.OpenAccountTest</span>
            </div> <!-- main-panel-header rounded-window-top -->
            <div class="main-panel-content rounded-window-bottom">
              <div class="method">
                <div class="method-content">
                  <a name="openAccountTest({Currency=Rupee, customer=Swati Singh})">
                  </a> <!-- openAccountTest({Currency=Rupee, customer=Swati Singh}) -->
                  <span class="method-name">openAccountTest</span>
                  <span class="parameters">({Currency=Rupee, customer=Swati Singh})</span>
                  <div class="stack-trace">org.openqa.selenium.NoSuchElementException: no such element: Unable to locate element: {&quot;method&quot;:&quot;css selector&quot;,&quot;selector&quot;:&quot;button[ng-class=&quot;btnClass2&quot;]&quot;}
  (Session info: chrome=84.0.4147.105)
  (Driver info: chromedriver=83.0.4103.39 (ccbf011cb2d2b19b506d844400483861342c20cd-refs/branch-heads/4103@{#416}),platform=Windows NT 10.0.18362 x86_64) (WARNING: The server did not provide any stacktrace information)
Command duration or timeout: 10.05 seconds
For documentation on this error, please visit: http://seleniumhq.org/exceptions/no_such_element.html
Build info: version: &apos;2.53.1&apos;, revision: &apos;a36b8b1cd5757287168e54b817830adce9b0158d&apos;, time: &apos;2016-06-30 19:26:09&apos;
System info: host: &apos;LAPTOP-0Q4RTEV5&apos;, ip: &apos;192.168.29.176&apos;, os.name: &apos;Windows 10&apos;, os.arch: &apos;amd64&apos;, os.version: &apos;10.0&apos;, java.version: &apos;14.0.1&apos;
Driver info: org.openqa.selenium.chrome.ChromeDriver
Capabilities [{mobileEmulationEnabled=false, timeouts={implicit=0, pageLoad=300000, script=30000}, hasTouchScreen=false, platform=XP, acceptSslCerts=false, goog:chromeOptions={debuggerAddress=localhost:51368}, acceptInsecureCerts=false, webStorageEnabled=true, browserName=chrome, takesScreenshot=true, javascriptEnabled=true, setWindowRect=true, unexpectedAlertBehaviour=ignore, applicationCacheEnabled=false, rotatable=false, networkConnectionEnabled=false, chrome={chromedriverVersion=83.0.4103.39 (ccbf011cb2d2b19b506d844400483861342c20cd-refs/branch-heads/4103@{#416}), userDataDir=C:\Users\SAMIRS~1\AppData\Local\Temp\scoped_dir66580_466979225}, takesHeapSnapshot=true, pageLoadStrategy=normal, strictFileInteractability=false, databaseEnabled=false, handlesAlerts=true, version=84.0.4147.105, browserConnectionEnabled=false, proxy={}, nativeEvents=true, locationContextEnabled=true, cssSelectorsEnabled=true, webauthn:virtualAuthenticators=true}]
Session ID: 4f6ec77fb8e8266997d5d60b8bd1772a
*** Element info: {Using=css selector, value=button[ng-class=&quot;btnClass2&quot;]}
	at org.openqa.selenium.remote.ErrorHandler.createThrowable(ErrorHandler.java:206)
	at org.openqa.selenium.remote.ErrorHandler.throwIfResponseFailed(ErrorHandler.java:158)
	at org.openqa.selenium.remote.RemoteWebDriver.execute(RemoteWebDriver.java:678)
	at org.openqa.selenium.remote.RemoteWebDriver.findElement(RemoteWebDriver.java:363)
	at org.openqa.selenium.remote.RemoteWebDriver.findElementByCssSelector(RemoteWebDriver.java:492)
	at org.openqa.selenium.By$ByCssSelector.findElement(By.java:430)
	at org.openqa.selenium.remote.RemoteWebDriver.findElement(RemoteWebDriver.java:355)
	at com.sampleProject.base.TestBase.click(TestBase.java:98)
	at com.sampleProject.testcases.OpenAccountTest.openAccountTest(OpenAccountTest.java:25)
... Removed 34 stack frames
</div> <!-- stack-trace -->
                </div> <!-- method-content -->
              </div> <!-- method -->
            </div> <!-- main-panel-content rounded-window-bottom -->
          </div> <!-- suite-Data_Driven_Sample-class-failed -->
          <div class="suite-Data_Driven_Sample-class-failed">
            <div class="main-panel-header rounded-window-top">
              <img src="failed.png"/>
              <span class="class-name">com.sampleProject.testcases.AddCustomerTest</span>
            </div> <!-- main-panel-header rounded-window-top -->
            <div class="main-panel-content rounded-window-bottom">
              <div class="method">
                <div class="method-content">
                  <a name="addCustomerTest({postCode=a4567654, lastName=Singh, firstName=Swati, runmode=Y, alertText=Customer added successfull...)">
                  </a> <!-- addCustomerTest({postCode=a4567654, lastName=Singh, firstName=Swati, runmode=Y, alertText=Customer added successfull...) -->
                  <span class="method-name">addCustomerTest</span>
                  <span class="parameters">({postCode=a4567654, lastName=Singh, firstName=Swati, runmode=Y, alertText=Customer added successfully })</span>
                  <div class="stack-trace">org.openqa.selenium.NoSuchElementException: no such element: Unable to locate element: {&quot;method&quot;:&quot;css selector&quot;,&quot;selector&quot;:&quot;button[ng-click=&apos;addCust()&apos;]&quot;}
  (Session info: chrome=84.0.4147.105)
  (Driver info: chromedriver=83.0.4103.39 (ccbf011cb2d2b19b506d844400483861342c20cd-refs/branch-heads/4103@{#416}),platform=Windows NT 10.0.18362 x86_64) (WARNING: The server did not provide any stacktrace information)
Command duration or timeout: 10.06 seconds
For documentation on this error, please visit: http://seleniumhq.org/exceptions/no_such_element.html
Build info: version: &apos;2.53.1&apos;, revision: &apos;a36b8b1cd5757287168e54b817830adce9b0158d&apos;, time: &apos;2016-06-30 19:26:09&apos;
System info: host: &apos;LAPTOP-0Q4RTEV5&apos;, ip: &apos;192.168.29.176&apos;, os.name: &apos;Windows 10&apos;, os.arch: &apos;amd64&apos;, os.version: &apos;10.0&apos;, java.version: &apos;14.0.1&apos;
Driver info: org.openqa.selenium.chrome.ChromeDriver
Capabilities [{mobileEmulationEnabled=false, timeouts={implicit=0, pageLoad=300000, script=30000}, hasTouchScreen=false, platform=XP, acceptSslCerts=false, goog:chromeOptions={debuggerAddress=localhost:51368}, acceptInsecureCerts=false, webStorageEnabled=true, browserName=chrome, takesScreenshot=true, javascriptEnabled=true, setWindowRect=true, unexpectedAlertBehaviour=ignore, applicationCacheEnabled=false, rotatable=false, networkConnectionEnabled=false, chrome={chromedriverVersion=83.0.4103.39 (ccbf011cb2d2b19b506d844400483861342c20cd-refs/branch-heads/4103@{#416}), userDataDir=C:\Users\SAMIRS~1\AppData\Local\Temp\scoped_dir66580_466979225}, takesHeapSnapshot=true, pageLoadStrategy=normal, strictFileInteractability=false, databaseEnabled=false, handlesAlerts=true, version=84.0.4147.105, browserConnectionEnabled=false, proxy={}, nativeEvents=true, locationContextEnabled=true, cssSelectorsEnabled=true, webauthn:virtualAuthenticators=true}]
Session ID: 4f6ec77fb8e8266997d5d60b8bd1772a
*** Element info: {Using=css selector, value=button[ng-click=&apos;addCust()&apos;]}
	at org.openqa.selenium.remote.ErrorHandler.createThrowable(ErrorHandler.java:206)
	at org.openqa.selenium.remote.ErrorHandler.throwIfResponseFailed(ErrorHandler.java:158)
	at org.openqa.selenium.remote.RemoteWebDriver.execute(RemoteWebDriver.java:678)
	at org.openqa.selenium.remote.RemoteWebDriver.findElement(RemoteWebDriver.java:363)
	at org.openqa.selenium.remote.RemoteWebDriver.findElementByCssSelector(RemoteWebDriver.java:492)
	at org.openqa.selenium.By$ByCssSelector.findElement(By.java:430)
	at org.openqa.selenium.remote.RemoteWebDriver.findElement(RemoteWebDriver.java:355)
	at com.sampleProject.base.TestBase.click(TestBase.java:98)
	at com.sampleProject.testcases.AddCustomerTest.addCustomerTest(AddCustomerTest.java:29)
... Removed 34 stack frames
</div> <!-- stack-trace -->
                </div> <!-- method-content -->
              </div> <!-- method -->
              <div class="method">
                <div class="method-content">
                  <a name="addCustomerTest({postCode=b7645353, lastName=Singh, firstName=Samir, runmode=Y, alertText=Customer added successfull...)">
                  </a> <!-- addCustomerTest({postCode=b7645353, lastName=Singh, firstName=Samir, runmode=Y, alertText=Customer added successfull...) -->
                  <span class="method-name">addCustomerTest</span>
                  <span class="parameters">({postCode=b7645353, lastName=Singh, firstName=Samir, runmode=Y, alertText=Customer added successfully })</span>
                  <div class="stack-trace">org.openqa.selenium.NoSuchElementException: no such element: Unable to locate element: {&quot;method&quot;:&quot;css selector&quot;,&quot;selector&quot;:&quot;button[ng-click=&apos;addCust()&apos;]&quot;}
  (Session info: chrome=84.0.4147.105)
  (Driver info: chromedriver=83.0.4103.39 (ccbf011cb2d2b19b506d844400483861342c20cd-refs/branch-heads/4103@{#416}),platform=Windows NT 10.0.18362 x86_64) (WARNING: The server did not provide any stacktrace information)
Command duration or timeout: 10.04 seconds
For documentation on this error, please visit: http://seleniumhq.org/exceptions/no_such_element.html
Build info: version: &apos;2.53.1&apos;, revision: &apos;a36b8b1cd5757287168e54b817830adce9b0158d&apos;, time: &apos;2016-06-30 19:26:09&apos;
System info: host: &apos;LAPTOP-0Q4RTEV5&apos;, ip: &apos;192.168.29.176&apos;, os.name: &apos;Windows 10&apos;, os.arch: &apos;amd64&apos;, os.version: &apos;10.0&apos;, java.version: &apos;14.0.1&apos;
Driver info: org.openqa.selenium.chrome.ChromeDriver
Capabilities [{mobileEmulationEnabled=false, timeouts={implicit=0, pageLoad=300000, script=30000}, hasTouchScreen=false, platform=XP, acceptSslCerts=false, goog:chromeOptions={debuggerAddress=localhost:51368}, acceptInsecureCerts=false, webStorageEnabled=true, browserName=chrome, takesScreenshot=true, javascriptEnabled=true, setWindowRect=true, unexpectedAlertBehaviour=ignore, applicationCacheEnabled=false, rotatable=false, networkConnectionEnabled=false, chrome={chromedriverVersion=83.0.4103.39 (ccbf011cb2d2b19b506d844400483861342c20cd-refs/branch-heads/4103@{#416}), userDataDir=C:\Users\SAMIRS~1\AppData\Local\Temp\scoped_dir66580_466979225}, takesHeapSnapshot=true, pageLoadStrategy=normal, strictFileInteractability=false, databaseEnabled=false, handlesAlerts=true, version=84.0.4147.105, browserConnectionEnabled=false, proxy={}, nativeEvents=true, locationContextEnabled=true, cssSelectorsEnabled=true, webauthn:virtualAuthenticators=true}]
Session ID: 4f6ec77fb8e8266997d5d60b8bd1772a
*** Element info: {Using=css selector, value=button[ng-click=&apos;addCust()&apos;]}
	at org.openqa.selenium.remote.ErrorHandler.createThrowable(ErrorHandler.java:206)
	at org.openqa.selenium.remote.ErrorHandler.throwIfResponseFailed(ErrorHandler.java:158)
	at org.openqa.selenium.remote.RemoteWebDriver.execute(RemoteWebDriver.java:678)
	at org.openqa.selenium.remote.RemoteWebDriver.findElement(RemoteWebDriver.java:363)
	at org.openqa.selenium.remote.RemoteWebDriver.findElementByCssSelector(RemoteWebDriver.java:492)
	at org.openqa.selenium.By$ByCssSelector.findElement(By.java:430)
	at org.openqa.selenium.remote.RemoteWebDriver.findElement(RemoteWebDriver.java:355)
	at com.sampleProject.base.TestBase.click(TestBase.java:98)
	at com.sampleProject.testcases.AddCustomerTest.addCustomerTest(AddCustomerTest.java:29)
... Removed 34 stack frames
</div> <!-- stack-trace -->
                </div> <!-- method-content -->
              </div> <!-- method -->
            </div> <!-- main-panel-content rounded-window-bottom -->
          </div> <!-- suite-Data_Driven_Sample-class-failed -->
          <div class="suite-Data_Driven_Sample-class-skipped">
            <div class="main-panel-header rounded-window-top">
              <img src="skipped.png"/>
              <span class="class-name">com.sampleProject.testcases.AddCustomerTest</span>
            </div> <!-- main-panel-header rounded-window-top -->
            <div class="main-panel-content rounded-window-bottom">
              <div class="method">
                <div class="method-content">
                  <a name="addCustomerTest({postCode=c8783653, lastName=Singh, firstName=Yuvaan, runmode=N, alertText=Customer added successful...)">
                  </a> <!-- addCustomerTest({postCode=c8783653, lastName=Singh, firstName=Yuvaan, runmode=N, alertText=Customer added successful...) -->
                  <span class="method-name">addCustomerTest</span>
                  <span class="parameters">({postCode=c8783653, lastName=Singh, firstName=Yuvaan, runmode=N, alertText=Customer added successfully })</span>
                  <div class="stack-trace">org.testng.SkipException: Skipping the test data as runmode is No
	at com.sampleProject.testcases.AddCustomerTest.addCustomerTest(AddCustomerTest.java:27)
... Removed 29 stack frames
</div> <!-- stack-trace -->
                </div> <!-- method-content -->
              </div> <!-- method -->
            </div> <!-- main-panel-content rounded-window-bottom -->
          </div> <!-- suite-Data_Driven_Sample-class-skipped -->
        </div> <!-- panel Data_Driven_Sample -->
        <div panel-name="test-xml-Data_Driven_Sample" class="panel">
          <div class="main-panel-header rounded-window-top">
            <span class="header-content">C:\Users\Samir Singh\eclipse-workspace\DataDrivenFrameworkMine\src\test\resources\runners\testng.xml</span>
          </div> <!-- main-panel-header rounded-window-top -->
          <div class="main-panel-content rounded-window-bottom">
            <pre>
&lt;?xml version=&quot;1.0&quot; encoding=&quot;UTF-8&quot;?&gt;
&lt;!DOCTYPE suite SYSTEM &quot;http://testng.org/testng-1.0.dtd&quot;&gt;
&lt;suite name=&quot;Data Driven Sample&quot; guice-stage=&quot;DEVELOPMENT&quot; verbose=&quot;0&quot;&gt;
  &lt;listeners&gt;
    &lt;listener class-name=&quot;org.uncommons.reportng.HTMLReporter&quot;/&gt;
    &lt;listener class-name=&quot;org.uncommons.reportng.JUnitXMLReporter&quot;/&gt;
    &lt;listener class-name=&quot;com.sampleProject.listners.CustomListeners&quot;/&gt;
  &lt;/listeners&gt;
  &lt;test name=&quot;Bank Manager LoginTest&quot;&gt;
    &lt;classes&gt;
      &lt;class name=&quot;com.sampleProject.testcases.BankManagerLoginTest&quot;/&gt;
    &lt;/classes&gt;
  &lt;/test&gt; &lt;!-- Bank Manager LoginTest --&gt;
  &lt;test name=&quot;Add Customer Test&quot;&gt;
    &lt;classes&gt;
      &lt;class name=&quot;com.sampleProject.testcases.AddCustomerTest&quot;/&gt;
    &lt;/classes&gt;
  &lt;/test&gt; &lt;!-- Add Customer Test --&gt;
  &lt;test name=&quot;Open Account Test&quot;&gt;
    &lt;classes&gt;
      &lt;class name=&quot;com.sampleProject.testcases.OpenAccountTest&quot;/&gt;
    &lt;/classes&gt;
  &lt;/test&gt; &lt;!-- Open Account Test --&gt;
&lt;/suite&gt; &lt;!-- Data Driven Sample --&gt;
            </pre>
          </div> <!-- main-panel-content rounded-window-bottom -->
        </div> <!-- panel -->
        <div panel-name="testlist-Data_Driven_Sample" class="panel">
          <div class="main-panel-header rounded-window-top">
            <span class="header-content">Tests for Data Driven Sample</span>
          </div> <!-- main-panel-header rounded-window-top -->
          <div class="main-panel-content rounded-window-bottom">
            <ul>
              <li>
                <span class="test-name">Bank Manager LoginTest (1 class)</span>
              </li>
              <li>
                <span class="test-name">Add Customer Test (1 class)</span>
              </li>
              <li>
                <span class="test-name">Open Account Test (1 class)</span>
              </li>
            </ul>
          </div> <!-- main-panel-content rounded-window-bottom -->
        </div> <!-- panel -->
        <div panel-name="group-Data_Driven_Sample" class="panel">
          <div class="main-panel-header rounded-window-top">
            <span class="header-content">Groups for Data Driven Sample</span>
          </div> <!-- main-panel-header rounded-window-top -->
          <div class="main-panel-content rounded-window-bottom">
          </div> <!-- main-panel-content rounded-window-bottom -->
        </div> <!-- panel -->
        <div panel-name="times-Data_Driven_Sample" class="panel">
          <div class="main-panel-header rounded-window-top">
            <span class="header-content">Times for Data Driven Sample</span>
          </div> <!-- main-panel-header rounded-window-top -->
          <div class="main-panel-content rounded-window-bottom">
            <div class="times-div">
              <script type="text/javascript">
suiteTableInitFunctions.push('tableData_Data_Driven_Sample');
function tableData_Data_Driven_Sample() {
var data = new google.visualization.DataTable();
data.addColumn('number', 'Number');
data.addColumn('string', 'Method');
data.addColumn('string', 'Class');
data.addColumn('number', 'Time (ms)');
data.addRows(5);
data.setCell(0, 0, 0)
data.setCell(0, 1, 'bankManagerLoginTest')
data.setCell(0, 2, 'com.sampleProject.testcases.BankManagerLoginTest')
data.setCell(0, 3, 12055);
data.setCell(1, 0, 1)
data.setCell(1, 1, 'addCustomerTest')
data.setCell(1, 2, 'com.sampleProject.testcases.AddCustomerTest')
data.setCell(1, 3, 10091);
data.setCell(2, 0, 2)
data.setCell(2, 1, 'openAccountTest')
data.setCell(2, 2, 'com.sampleProject.testcases.OpenAccountTest')
data.setCell(2, 3, 10057);
data.setCell(3, 0, 3)
data.setCell(3, 1, 'addCustomerTest')
data.setCell(3, 2, 'com.sampleProject.testcases.AddCustomerTest')
data.setCell(3, 3, 10041);
data.setCell(4, 0, 4)
data.setCell(4, 1, 'addCustomerTest')
data.setCell(4, 2, 'com.sampleProject.testcases.AddCustomerTest')
data.setCell(4, 3, 2);
window.suiteTableData['Data_Driven_Sample']= { tableData: data, tableDiv: 'times-div-Data_Driven_Sample'}
return data;
}
              </script>
              <span class="suite-total-time">Total running time: 42 seconds</span>
              <div id="times-div-Data_Driven_Sample">
              </div> <!-- times-div-Data_Driven_Sample -->
            </div> <!-- times-div -->
          </div> <!-- main-panel-content rounded-window-bottom -->
        </div> <!-- panel -->
        <div panel-name="reporter-Data_Driven_Sample" class="panel">
          <div class="main-panel-header rounded-window-top">
            <span class="header-content">Reporter output for Data Driven Sample</span>
          </div> <!-- main-panel-header rounded-window-top -->
          <div class="main-panel-content rounded-window-bottom">
            <div class="reporter-method-div">
              <span class="reporter-method-name">bankManagerLoginTest</span>
              <div class="reporter-method-output-div">
                <span class="reporter-method-output">Capturing Screenshots</span>
                <span class="reporter-method-output"><a target="_blank"href=Thu_Aug_06_23_35_46_IST_2020.jpg>Screenshots</a></span>
              </div> <!-- reporter-method-output-div -->
            </div> <!-- reporter-method-div -->
            <div class="reporter-method-div">
              <span class="reporter-method-name">addCustomerTest({postCode=a4567654, lastName=Singh, firstName=Swati, runmode=Y, alertText=Customer added successfull...)</span>
              <div class="reporter-method-output-div">
                <span class="reporter-method-output">Capturing Screenshots</span>
                <span class="reporter-method-output"><a target="_blank"href=Thu_Aug_06_23_35_58_IST_2020.jpg>Screenshots</a></span>
              </div> <!-- reporter-method-output-div -->
            </div> <!-- reporter-method-div -->
            <div class="reporter-method-div">
              <span class="reporter-method-name">addCustomerTest({postCode=b7645353, lastName=Singh, firstName=Samir, runmode=Y, alertText=Customer added successfull...)</span>
              <div class="reporter-method-output-div">
                <span class="reporter-method-output">Capturing Screenshots</span>
                <span class="reporter-method-output"><a target="_blank"href=Thu_Aug_06_23_36_09_IST_2020.jpg>Screenshots</a></span>
              </div> <!-- reporter-method-output-div -->
            </div> <!-- reporter-method-div -->
            <div class="reporter-method-div">
              <span class="reporter-method-name">openAccountTest({Currency=Rupee, customer=Swati Singh})</span>
              <div class="reporter-method-output-div">
                <span class="reporter-method-output">Capturing Screenshots</span>
                <span class="reporter-method-output"><a target="_blank"href=Thu_Aug_06_23_36_19_IST_2020.jpg>Screenshots</a></span>
              </div> <!-- reporter-method-output-div -->
            </div> <!-- reporter-method-div -->
          </div> <!-- main-panel-content rounded-window-bottom -->
        </div> <!-- panel -->
        <div panel-name="ignored-methods-Data_Driven_Sample" class="panel">
          <div class="main-panel-header rounded-window-top">
            <span class="header-content">0 ignored methods</span>
          </div> <!-- main-panel-header rounded-window-top -->
          <div class="main-panel-content rounded-window-bottom">
          </div> <!-- main-panel-content rounded-window-bottom -->
        </div> <!-- panel -->
        <div panel-name="chronological-Data_Driven_Sample" class="panel">
          <div class="main-panel-header rounded-window-top">
            <span class="header-content">Methods in chronological order</span>
          </div> <!-- main-panel-header rounded-window-top -->
          <div class="main-panel-content rounded-window-bottom">
            <div class="chronological-class">
              <div class="chronological-class-name">com.sampleProject.testcases.OpenAccountTest</div> <!-- chronological-class-name -->
              <div class="configuration-suite before">
                <span class="method-name">setUp</span>
                <span class="method-start">0 ms</span>
              </div> <!-- configuration-suite before -->
            </div> <!-- chronological-class -->
            <div class="chronological-class">
              <div class="chronological-class-name">com.sampleProject.testcases.BankManagerLoginTest</div> <!-- chronological-class-name -->
              <div class="test-method">
                <img src="failed.png">
                </img>
                <span class="method-name">bankManagerLoginTest</span>
                <span class="method-start">11142 ms</span>
              </div> <!-- test-method -->
            </div> <!-- chronological-class -->
            <div class="chronological-class">
              <div class="chronological-class-name">com.sampleProject.testcases.AddCustomerTest</div> <!-- chronological-class-name -->
              <div class="test-method">
                <img src="failed.png">
                </img>
                <span class="method-name">addCustomerTest({postCode=a4567654, lastName=Singh, firstName=Swati, runmode=Y, alertText=Customer added successfull...)</span>
                <span class="method-start">25103 ms</span>
              </div> <!-- test-method -->
              <div class="test-method">
                <img src="failed.png">
                </img>
                <span class="method-name">addCustomerTest({postCode=b7645353, lastName=Singh, firstName=Samir, runmode=Y, alertText=Customer added successfull...)</span>
                <span class="method-start">35591 ms</span>
              </div> <!-- test-method -->
              <div class="test-method">
                <span class="method-name">addCustomerTest({postCode=c8783653, lastName=Singh, firstName=Yuvaan, runmode=N, alertText=Customer added successful...)</span>
                <span class="method-start">46020 ms</span>
              </div> <!-- test-method -->
            </div> <!-- chronological-class -->
            <div class="chronological-class">
              <div class="chronological-class-name">com.sampleProject.testcases.OpenAccountTest</div> <!-- chronological-class-name -->
              <div class="test-method">
                <img src="failed.png">
                </img>
                <span class="method-name">openAccountTest({Currency=Rupee, customer=Swati Singh})</span>
                <span class="method-start">46123 ms</span>
              </div> <!-- test-method -->
              <div class="configuration-suite after">
                <span class="method-name">tearDown</span>
                <span class="method-start">56555 ms</span>
              </div> <!-- configuration-suite after -->
          </div> <!-- main-panel-content rounded-window-bottom -->
        </div> <!-- panel -->
      </div> <!-- main-panel-root -->
    </div> <!-- wrapper -->
  </body>
</html>
