<?xml version="1.0" encoding="UTF-8"?>
<testng-results ignored="0" total="2" passed="1" failed="1" skipped="0">
  <reporter-output>
    <line>
      <![CDATA[Capturing Screenshots]]>
    </line>
    <line>
      <![CDATA[<a target="_blank"href="C:\Users\Samir Singh\Pictures\Screenshots\image.png">Screenshots</a>]]>
    </line>
  </reporter-output>
  <suite started-at="2020-07-18T15:49:00Z" name="Data Driven Sample" finished-at="2020-07-18T15:49:09Z" duration-ms="9451">
    <groups>
    </groups>
    <test started-at="2020-07-18T15:49:00Z" name="Bank Manager LoginTest" finished-at="2020-07-18T15:49:03Z" duration-ms="3556">
      <class name="com.sampleProject.testcases.BankManagerLoginTest">
        <test-method signature="loginAsBankManager()[pri:0, instance:com.sampleProject.testcases.BankManagerLoginTest@62e70ea3]" started-at="2020-07-18T21:19:00Z" name="loginAsBankManager" finished-at="2020-07-18T21:19:03Z" duration-ms="3485" status="FAIL">
          <exception class="java.lang.AssertionError">
            <message>
              <![CDATA[Login Not successfull]]>
            </message>
            <full-stacktrace>
              <![CDATA[java.lang.AssertionError: Login Not successfull
	at org.testng.Assert.fail(Assert.java:93)
	at com.sampleProject.testcases.BankManagerLoginTest.loginAsBankManager(BankManagerLoginTest.java:27)
	at java.base/jdk.internal.reflect.NativeMethodAccessorImpl.invoke0(Native Method)
	at java.base/jdk.internal.reflect.NativeMethodAccessorImpl.invoke(NativeMethodAccessorImpl.java:62)
	at java.base/jdk.internal.reflect.DelegatingMethodAccessorImpl.invoke(DelegatingMethodAccessorImpl.java:43)
	at java.base/java.lang.reflect.Method.invoke(Method.java:564)
	at org.testng.internal.MethodInvocationHelper.invokeMethod(MethodInvocationHelper.java:108)
	at org.testng.internal.Invoker.invokeMethod(Invoker.java:661)
	at org.testng.internal.Invoker.invokeTestMethod(Invoker.java:869)
	at org.testng.internal.Invoker.invokeTestMethods(Invoker.java:1193)
	at org.testng.internal.TestMethodWorker.invokeTestMethods(TestMethodWorker.java:126)
	at org.testng.internal.TestMethodWorker.run(TestMethodWorker.java:109)
	at org.testng.TestRunner.privateRun(TestRunner.java:744)
	at org.testng.TestRunner.run(TestRunner.java:602)
	at org.testng.SuiteRunner.runTest(SuiteRunner.java:380)
	at org.testng.SuiteRunner.runSequentially(SuiteRunner.java:375)
	at org.testng.SuiteRunner.privateRun(SuiteRunner.java:340)
	at org.testng.SuiteRunner.run(SuiteRunner.java:289)
	at org.testng.SuiteRunnerWorker.runSuite(SuiteRunnerWorker.java:52)
	at org.testng.SuiteRunnerWorker.run(SuiteRunnerWorker.java:86)
	at org.testng.TestNG.runSuitesSequentially(TestNG.java:1301)
	at org.testng.TestNG.runSuitesLocally(TestNG.java:1226)
	at org.testng.TestNG.runSuites(TestNG.java:1144)
	at org.testng.TestNG.run(TestNG.java:1115)
	at org.testng.remote.AbstractRemoteTestNG.run(AbstractRemoteTestNG.java:115)
	at org.testng.remote.RemoteTestNG.initAndRun(RemoteTestNG.java:251)
	at org.testng.remote.RemoteTestNG.main(RemoteTestNG.java:77)
]]>
            </full-stacktrace>
          </exception> <!-- java.lang.AssertionError -->
          <reporter-output>
            <line>
              <![CDATA[Capturing Screenshots]]>
            </line>
            <line>
              <![CDATA[<a target="_blank"href="C:\Users\Samir Singh\Pictures\Screenshots\image.png">Screenshots</a>]]>
            </line>
          </reporter-output>
        </test-method> <!-- loginAsBankManager -->
      </class> <!-- com.sampleProject.testcases.BankManagerLoginTest -->
    </test> <!-- Bank Manager LoginTest -->
    <test started-at="2020-07-18T15:49:05Z" name="Add Customer Test" finished-at="2020-07-18T15:49:09Z" duration-ms="4595">
      <class name="com.sampleProject.testcases.AddCustomerTest">
        <test-method is-config="true" signature="setUp()[pri:0, instance:com.sampleProject.testcases.AddCustomerTest@743cb8e0]" started-at="2020-07-18T21:18:29Z" name="setUp" finished-at="2020-07-18T21:19:00Z" duration-ms="30566" status="PASS">
          <reporter-output>
          </reporter-output>
        </test-method> <!-- setUp -->
        <test-method signature="AddCustomer(java.lang.String, java.lang.String, java.lang.String, java.lang.String)[pri:0, instance:com.sampleProject.testcases.AddCustomerTest@743cb8e0]" started-at="2020-07-18T21:19:05Z" name="AddCustomer" data-provider="getData" finished-at="2020-07-18T21:19:09Z" duration-ms="4522" status="PASS">
          <params>
            <param index="0">
              <value>
                <![CDATA[Swati]]>
              </value>
            </param>
            <param index="1">
              <value>
                <![CDATA[Singh]]>
              </value>
            </param>
            <param index="2">
              <value>
                <![CDATA[a4567654]]>
              </value>
            </param>
            <param index="3">
              <value>
                <![CDATA[Customer added successfully ]]>
              </value>
            </param>
          </params>
          <reporter-output>
          </reporter-output>
        </test-method> <!-- AddCustomer -->
        <test-method is-config="true" signature="tearDown()[pri:0, instance:com.sampleProject.testcases.AddCustomerTest@743cb8e0]" started-at="2020-07-18T21:19:10Z" name="tearDown" finished-at="2020-07-18T21:19:37Z" duration-ms="27113" status="PASS">
          <reporter-output>
          </reporter-output>
        </test-method> <!-- tearDown -->
      </class> <!-- com.sampleProject.testcases.AddCustomerTest -->
    </test> <!-- Add Customer Test -->
  </suite> <!-- Data Driven Sample -->
</testng-results>
